ðŸ”— Found pyo3 bindings
ðŸ Found CPython 3.13 at /projects/bfdz/zluo8/tool_and_judge2/.venv/bin/python
warning: unused variable: `configs`
  --> src/lib.rs:15:29
   |
15 |     async fn tool_run_async(configs: Py<PyList>, num_gpus: usize) {
   |                             ^^^^^^^ help: if this is intentional, prefix it with an underscore: `_configs`
   |
   = note: `#[warn(unused_variables)]` on by default

warning: unused variable: `num_gpus`
  --> src/lib.rs:15:50
   |
15 |     async fn tool_run_async(configs: Py<PyList>, num_gpus: usize) {
   |                                                  ^^^^^^^^ help: if this is intentional, prefix it with an underscore: `_num_gpus`

warning: `codebase_rs` (lib) generated 2 warnings
    Finished `release` profile [optimized] target(s) in 1.35s
ðŸ“– Found type stub file at codebase_rs.pyi
ðŸ“¦ Built wheel for CPython 3.13 to /tmp/.tmpO4wtWe/codebase_rs-0.1.0-cp313-cp313-linux_x86_64.whl
ðŸ›  Installed codebase_rs-0.1.0
/projects/bfdz/zluo8/tool_and_judge2/.venv/lib/python3.13/site-packages/transformers/models/auto/tokenization_auto.py:1041: FutureWarning: The `use_auth_token` argument is deprecated and will be removed in v5 of Transformers. Please use `token` instead.
  warnings.warn(
/projects/bfdz/zluo8/tool_and_judge2/.venv/lib/python3.13/site-packages/transformers/models/auto/auto_factory.py:492: FutureWarning: The `use_auth_token` argument is deprecated and will be removed in v5 of Transformers. Please use `token` instead.
  warnings.warn(
`torch_dtype` is deprecated! Use `dtype` instead!
Loading checkpoint shards:   0%|          | 0/30 [00:00<?, ?it/s]Loading checkpoint shards:   3%|â–Ž         | 1/30 [00:01<00:57,  1.98s/it]Loading checkpoint shards:   7%|â–‹         | 2/30 [00:03<00:52,  1.89s/it]Loading checkpoint shards:  10%|â–ˆ         | 3/30 [00:05<00:52,  1.94s/it]Loading checkpoint shards:  13%|â–ˆâ–Ž        | 4/30 [00:07<00:51,  1.96s/it]Loading checkpoint shards:  17%|â–ˆâ–‹        | 5/30 [00:09<00:48,  1.93s/it]Loading checkpoint shards:  20%|â–ˆâ–ˆ        | 6/30 [00:11<00:45,  1.91s/it]Loading checkpoint shards:  23%|â–ˆâ–ˆâ–Ž       | 7/30 [00:13<00:43,  1.90s/it]Loading checkpoint shards:  27%|â–ˆâ–ˆâ–‹       | 8/30 [00:14<00:37,  1.70s/it]Loading checkpoint shards: 100%|â–ˆâ–ˆâ–ˆâ–ˆâ–ˆâ–ˆâ–ˆâ–ˆâ–ˆâ–ˆ| 30/30 [00:14<00:00,  2.04it/s]
Some parameters are on the meta device because they were offloaded to the disk.
slurmstepd: error: *** JOB 14140740 ON gpue03 CANCELLED AT 2025-12-18T03:11:33 ***
